173
1:systemd
2:kthreadd
3:rcu_gp
4:rcu_par_gp
6:kworker/0:0H-kblockd
8:mm_percpu_wq
9:ksoftirqd/0
10:rcu_sched
11:migration/0
12:watchdog/0
13:cpuhp/0
15:kdevtmpfs
16:netns
17:kauditd
18:khungtaskd
19:oom_reaper
20:writeback
21:kcompactd0
22:ksmd
23:khugepaged
24:crypto
25:kintegrityd
26:kblockd
27:tpm_dev_wq
28:md
29:edac-poller
30:watchdogd
47:kswapd0
140:kthrotld
141:acpi_thermal_pm
142:kmpath_rdacd
143:kaluad
144:ipv6_addrconf
146:kstrp
443:ata_sff
444:scsi_eh_0
445:scsi_tmf_0
446:scsi_eh_1
447:scsi_tmf_1
449:scsi_eh_2
450:scsi_tmf_2
456:kworker/0:1H-kblockd
514:kdmflush
523:kdmflush
563:jbd2/dm-0-8
564:ext4-rsv-conver
655:systemd-journal
732:irq/18-vmwgfx
733:ttm_swap
736:kdmflush
765:xfsalloc
767:xfs_mru_cache
770:xfs-buf/dm-2
771:xfs-conv/dm-2
772:xfs-cil/dm-2
773:xfs-reclaim/dm-
774:xfs-log/dm-2
775:xfs-eofblocks/d
776:xfsaild/dm-2
781:jbd2/sda1-8
782:ext4-rsv-conver
808:auditd
810:rpciod
811:kworker/u3:0
812:xprtiod
835:sssd
836:ModemManager
838:smartd
845:mcelog
852:gssproxy
867:sssd_be
872:sssd_nss
874:firewalld
875:systemd-logind
890:NetworkManager
900:tuned
905:sshd
1125:login
1128:crond
1130:atd
1418:systemd
1423:(sd-pam)
1429:bash
1557:task2
32684:task2
32690:task2
32698:task2
32771:task3
32772:links
32940:less
33078:cat
33079:less
33099:cat
33100:less
33109:cat
33110:less
33289:less
33371:less
33561:task8
33562:awk
33784:task9
33785:cat
33786:wc
33789:task9
33790:cat
33794:task9
33795:cat
33799:task9
33800:cat
33804:task9
33805:cat
33806:wc
33826:cat
34397:kworker/u2:1-events_unbound
39936:systemd-udevd
87518:less
87522:less
88534:kworker/u2:0-flush-253:2
88977:task6
88981:grep
88982:sed
88996:less
89006:less
89022:less
89025:git
89026:vi
89050:less
89077:less
89095:less
89102:less
89110:less
89122:less
89131:less
89143:less
89171:less
89184:less
89197:less
89210:less
89428:less
89435:less
89450:less
90307:less
90313:less
90316:less
90317:top
90318:top
90319:less
90320:top
90321:less
90322:top
90326:less
90343:less
90348:less
90356:less
90362:top
90374:top
90375:man
90384:man
90385:less
90415:less
90417:less
90419:less
90424:man
90436:less
90444:kworker/0:3-events
90451:less
90469:kworker/0:1-ata_sff
90481:kworker/0:0-ata_sff
90515:task1
90516:task1
90517:ps
90518:grep
90519:grep
