ProcessId=1 : Parent_ProcessID=0 : Average_Running_Time=.4030900
ProcessId=2 : Parent_ProcessID=0 : Average_Running_Time=.0453184
Average_Sleeping_Children_of_Parent=0 is .2242042
ProcessId=1125 : Parent_ProcessID=1 : Average_Running_Time=.7544364
ProcessId=1128 : Parent_ProcessID=1 : Average_Running_Time=.1350528
ProcessId=1130 : Parent_ProcessID=1 : Average_Running_Time=.1983448
ProcessId=1418 : Parent_ProcessID=1 : Average_Running_Time=.4114710
ProcessId=39936 : Parent_ProcessID=1 : Average_Running_Time=.6224569
ProcessId=655 : Parent_ProcessID=1 : Average_Running_Time=.1698915
ProcessId=803 : Parent_ProcessID=1 : Average_Running_Time=.0314457
ProcessId=808 : Parent_ProcessID=1 : Average_Running_Time=.0370139
ProcessId=835 : Parent_ProcessID=1 : Average_Running_Time=.0523232
ProcessId=836 : Parent_ProcessID=1 : Average_Running_Time=.4867598
ProcessId=838 : Parent_ProcessID=1 : Average_Running_Time=.3392140
ProcessId=839 : Parent_ProcessID=1 : Average_Running_Time=.1475787
ProcessId=843 : Parent_ProcessID=1 : Average_Running_Time=.0392925
ProcessId=844 : Parent_ProcessID=1 : Average_Running_Time=.1197485
ProcessId=845 : Parent_ProcessID=1 : Average_Running_Time=.2084536
ProcessId=847 : Parent_ProcessID=1 : Average_Running_Time=.2046624
ProcessId=852 : Parent_ProcessID=1 : Average_Running_Time=.3938421
ProcessId=863 : Parent_ProcessID=1 : Average_Running_Time=.0060956
ProcessId=874 : Parent_ProcessID=1 : Average_Running_Time=.4702956
ProcessId=875 : Parent_ProcessID=1 : Average_Running_Time=.3024752
ProcessId=890 : Parent_ProcessID=1 : Average_Running_Time=.2228341
ProcessId=900 : Parent_ProcessID=1 : Average_Running_Time=.4461142
ProcessId=905 : Parent_ProcessID=1 : Average_Running_Time=.2210539
Average_Sleeping_Children_of_Parent=1 is .2617763
ProcessId=10 : Parent_ProcessID=2 : Average_Running_Time=.0004640
ProcessId=11 : Parent_ProcessID=2 : Average_Running_Time=0
ProcessId=12 : Parent_ProcessID=2 : Average_Running_Time=.0010942
ProcessId=13 : Parent_ProcessID=2 : Average_Running_Time=.0016702
ProcessId=140 : Parent_ProcessID=2 : Average_Running_Time=0
ProcessId=141 : Parent_ProcessID=2 : Average_Running_Time=0
ProcessId=142 : Parent_ProcessID=2 : Average_Running_Time=0
ProcessId=143 : Parent_ProcessID=2 : Average_Running_Time=0
ProcessId=144 : Parent_ProcessID=2 : Average_Running_Time=0
ProcessId=146 : Parent_ProcessID=2 : Average_Running_Time=0
ProcessId=150084 : Parent_ProcessID=2 : Average_Running_Time=.0574499
ProcessId=15 : Parent_ProcessID=2 : Average_Running_Time=.0059033
ProcessId=165386 : Parent_ProcessID=2 : Average_Running_Time=.0814240
ProcessId=16 : Parent_ProcessID=2 : Average_Running_Time=.0010585
ProcessId=173974 : Parent_ProcessID=2 : Average_Running_Time=.0464983
ProcessId=17 : Parent_ProcessID=2 : Average_Running_Time=.0267329
ProcessId=18 : Parent_ProcessID=2 : Average_Running_Time=.0458250
ProcessId=19 : Parent_ProcessID=2 : Average_Running_Time=.0006245
ProcessId=20 : Parent_ProcessID=2 : Average_Running_Time=.0100130
ProcessId=21 : Parent_ProcessID=2 : Average_Running_Time=.0002320
ProcessId=22 : Parent_ProcessID=2 : Average_Running_Time=0
ProcessId=23 : Parent_ProcessID=2 : Average_Running_Time=.0666438
ProcessId=24 : Parent_ProcessID=2 : Average_Running_Time=0
ProcessId=25 : Parent_ProcessID=2 : Average_Running_Time=0
ProcessId=26 : Parent_ProcessID=2 : Average_Running_Time=0
ProcessId=27 : Parent_ProcessID=2 : Average_Running_Time=0
ProcessId=28 : Parent_ProcessID=2 : Average_Running_Time=0
ProcessId=29 : Parent_ProcessID=2 : Average_Running_Time=0
ProcessId=30 : Parent_ProcessID=2 : Average_Running_Time=0
ProcessId=34397 : Parent_ProcessID=2 : Average_Running_Time=.0229180
ProcessId=3 : Parent_ProcessID=2 : Average_Running_Time=0
ProcessId=443 : Parent_ProcessID=2 : Average_Running_Time=.0020190
ProcessId=444 : Parent_ProcessID=2 : Average_Running_Time=2.9806342
ProcessId=445 : Parent_ProcessID=2 : Average_Running_Time=.0019640
ProcessId=446 : Parent_ProcessID=2 : Average_Running_Time=.0705123
ProcessId=447 : Parent_ProcessID=2 : Average_Running_Time=.0016830
ProcessId=449 : Parent_ProcessID=2 : Average_Running_Time=.1268250
ProcessId=450 : Parent_ProcessID=2 : Average_Running_Time=.0015130
ProcessId=456 : Parent_ProcessID=2 : Average_Running_Time=.0237060
ProcessId=47 : Parent_ProcessID=2 : Average_Running_Time=.0003960
ProcessId=4 : Parent_ProcessID=2 : Average_Running_Time=0
ProcessId=514 : Parent_ProcessID=2 : Average_Running_Time=.0013945
ProcessId=523 : Parent_ProcessID=2 : Average_Running_Time=.0013915
ProcessId=563 : Parent_ProcessID=2 : Average_Running_Time=.0702178
ProcessId=564 : Parent_ProcessID=2 : Average_Running_Time=.0014295
ProcessId=6 : Parent_ProcessID=2 : Average_Running_Time=.0043654
ProcessId=732 : Parent_ProcessID=2 : Average_Running_Time=.0008506
ProcessId=733 : Parent_ProcessID=2 : Average_Running_Time=.0095895
ProcessId=736 : Parent_ProcessID=2 : Average_Running_Time=.0038570
ProcessId=765 : Parent_ProcessID=2 : Average_Running_Time=.0032335
ProcessId=767 : Parent_ProcessID=2 : Average_Running_Time=.0022985
ProcessId=770 : Parent_ProcessID=2 : Average_Running_Time=.0020195
ProcessId=771 : Parent_ProcessID=2 : Average_Running_Time=.0013820
ProcessId=772 : Parent_ProcessID=2 : Average_Running_Time=.0007355
ProcessId=773 : Parent_ProcessID=2 : Average_Running_Time=.0006965
ProcessId=774 : Parent_ProcessID=2 : Average_Running_Time=.0006195
ProcessId=775 : Parent_ProcessID=2 : Average_Running_Time=.0008320
ProcessId=776 : Parent_ProcessID=2 : Average_Running_Time=.0084599
ProcessId=781 : Parent_ProcessID=2 : Average_Running_Time=.0459948
ProcessId=782 : Parent_ProcessID=2 : Average_Running_Time=.0037270
ProcessId=810 : Parent_ProcessID=2 : Average_Running_Time=.0016345
ProcessId=811 : Parent_ProcessID=2 : Average_Running_Time=.0005655
ProcessId=812 : Parent_ProcessID=2 : Average_Running_Time=.0110935
ProcessId=8 : Parent_ProcessID=2 : Average_Running_Time=0
ProcessId=91292 : Parent_ProcessID=2 : Average_Running_Time=.0125802
ProcessId=9 : Parent_ProcessID=2 : Average_Running_Time=.0152924
Average_Sleeping_Children_of_Parent=2 is .0573040
ProcessId=867 : Parent_ProcessID=835 : Average_Running_Time=.0518065
ProcessId=872 : Parent_ProcessID=835 : Average_Running_Time=.0528327
Average_Sleeping_Children_of_Parent=835 is .0523196
ProcessId=862 : Parent_ProcessID=844 : Average_Running_Time=.0390822
Average_Sleeping_Children_of_Parent=844 is .0390822
ProcessId=1429 : Parent_ProcessID=1125 : Average_Running_Time=.4275853
Average_Sleeping_Children_of_Parent=1125 is .4275853
ProcessId=1423 : Parent_ProcessID=1418 : Average_Running_Time=.0811860
Average_Sleeping_Children_of_Parent=1418 is .0811860
ProcessId=103702 : Parent_ProcessID=1429 : Average_Running_Time=2.6987318
ProcessId=138621 : Parent_ProcessID=1429 : Average_Running_Time=2.0997700
ProcessId=1557 : Parent_ProcessID=1429 : Average_Running_Time=.1123388
ProcessId=185406 : Parent_ProcessID=1429 : Average_Running_Time=.0964727
ProcessId=32690 : Parent_ProcessID=1429 : Average_Running_Time=.7858752
ProcessId=32698 : Parent_ProcessID=1429 : Average_Running_Time=.4123517
ProcessId=32771 : Parent_ProcessID=1429 : Average_Running_Time=1.4405470
ProcessId=32940 : Parent_ProcessID=1429 : Average_Running_Time=2.3277315
ProcessId=33078 : Parent_ProcessID=1429 : Average_Running_Time=.3475678
ProcessId=33079 : Parent_ProcessID=1429 : Average_Running_Time=1.7253745
ProcessId=33099 : Parent_ProcessID=1429 : Average_Running_Time=.5193574
ProcessId=33100 : Parent_ProcessID=1429 : Average_Running_Time=.7054412
ProcessId=33109 : Parent_ProcessID=1429 : Average_Running_Time=.2011247
ProcessId=33110 : Parent_ProcessID=1429 : Average_Running_Time=1.1326343
ProcessId=33289 : Parent_ProcessID=1429 : Average_Running_Time=4.4830764
ProcessId=33371 : Parent_ProcessID=1429 : Average_Running_Time=5.8086425
ProcessId=33561 : Parent_ProcessID=1429 : Average_Running_Time=1.8960415
ProcessId=33784 : Parent_ProcessID=1429 : Average_Running_Time=2.1226955
ProcessId=33789 : Parent_ProcessID=1429 : Average_Running_Time=1.4987393
ProcessId=33794 : Parent_ProcessID=1429 : Average_Running_Time=1.5043196
ProcessId=33799 : Parent_ProcessID=1429 : Average_Running_Time=1.6120023
ProcessId=33804 : Parent_ProcessID=1429 : Average_Running_Time=2.1496645
ProcessId=33826 : Parent_ProcessID=1429 : Average_Running_Time=.8059353
ProcessId=87518 : Parent_ProcessID=1429 : Average_Running_Time=.9159444
ProcessId=87522 : Parent_ProcessID=1429 : Average_Running_Time=1.4414494
ProcessId=88977 : Parent_ProcessID=1429 : Average_Running_Time=1.0933237
ProcessId=88996 : Parent_ProcessID=1429 : Average_Running_Time=1.8024577
ProcessId=89006 : Parent_ProcessID=1429 : Average_Running_Time=3.7312657
ProcessId=89022 : Parent_ProcessID=1429 : Average_Running_Time=1.9322958
ProcessId=89025 : Parent_ProcessID=1429 : Average_Running_Time=1.2286747
ProcessId=89050 : Parent_ProcessID=1429 : Average_Running_Time=8.6858836
ProcessId=89077 : Parent_ProcessID=1429 : Average_Running_Time=2.7875305
ProcessId=89095 : Parent_ProcessID=1429 : Average_Running_Time=3.2001543
ProcessId=89102 : Parent_ProcessID=1429 : Average_Running_Time=5.4196178
ProcessId=89110 : Parent_ProcessID=1429 : Average_Running_Time=6.3212940
ProcessId=89122 : Parent_ProcessID=1429 : Average_Running_Time=6.4597744
ProcessId=89131 : Parent_ProcessID=1429 : Average_Running_Time=10.0999754
ProcessId=89143 : Parent_ProcessID=1429 : Average_Running_Time=6.9715307
ProcessId=89171 : Parent_ProcessID=1429 : Average_Running_Time=8.3646485
ProcessId=89184 : Parent_ProcessID=1429 : Average_Running_Time=3.0461361
ProcessId=89197 : Parent_ProcessID=1429 : Average_Running_Time=7.9427632
ProcessId=89210 : Parent_ProcessID=1429 : Average_Running_Time=9.4017092
ProcessId=89428 : Parent_ProcessID=1429 : Average_Running_Time=.6827217
ProcessId=89435 : Parent_ProcessID=1429 : Average_Running_Time=.7960863
ProcessId=89450 : Parent_ProcessID=1429 : Average_Running_Time=.8680734
ProcessId=90307 : Parent_ProcessID=1429 : Average_Running_Time=1.4814942
ProcessId=90313 : Parent_ProcessID=1429 : Average_Running_Time=1.2137152
ProcessId=90316 : Parent_ProcessID=1429 : Average_Running_Time=6.9108096
ProcessId=90317 : Parent_ProcessID=1429 : Average_Running_Time=9.0998987
ProcessId=90318 : Parent_ProcessID=1429 : Average_Running_Time=5.3614673
ProcessId=90319 : Parent_ProcessID=1429 : Average_Running_Time=5.1424567
ProcessId=90320 : Parent_ProcessID=1429 : Average_Running_Time=4.3569785
ProcessId=90321 : Parent_ProcessID=1429 : Average_Running_Time=7.5031346
ProcessId=90322 : Parent_ProcessID=1429 : Average_Running_Time=9.0961367
ProcessId=90326 : Parent_ProcessID=1429 : Average_Running_Time=.8484638
ProcessId=90343 : Parent_ProcessID=1429 : Average_Running_Time=1.3636828
ProcessId=90348 : Parent_ProcessID=1429 : Average_Running_Time=1.0451131
ProcessId=90356 : Parent_ProcessID=1429 : Average_Running_Time=4.2999086
ProcessId=90362 : Parent_ProcessID=1429 : Average_Running_Time=10.0493282
ProcessId=90374 : Parent_ProcessID=1429 : Average_Running_Time=8.5254113
ProcessId=90375 : Parent_ProcessID=1429 : Average_Running_Time=.7031922
ProcessId=90415 : Parent_ProcessID=1429 : Average_Running_Time=.9076909
ProcessId=90417 : Parent_ProcessID=1429 : Average_Running_Time=3.1720417
ProcessId=90419 : Parent_ProcessID=1429 : Average_Running_Time=4.9637456
ProcessId=90424 : Parent_ProcessID=1429 : Average_Running_Time=.7744264
ProcessId=90451 : Parent_ProcessID=1429 : Average_Running_Time=5.6809503
ProcessId=90526 : Parent_ProcessID=1429 : Average_Running_Time=.9253334
ProcessId=90581 : Parent_ProcessID=1429 : Average_Running_Time=3.0525611
ProcessId=90583 : Parent_ProcessID=1429 : Average_Running_Time=1.5501586
ProcessId=90657 : Parent_ProcessID=1429 : Average_Running_Time=3.1564003
ProcessId=90659 : Parent_ProcessID=1429 : Average_Running_Time=3.4997728
ProcessId=90663 : Parent_ProcessID=1429 : Average_Running_Time=1.3806264
ProcessId=90739 : Parent_ProcessID=1429 : Average_Running_Time=.8899710
ProcessId=90741 : Parent_ProcessID=1429 : Average_Running_Time=1.5004208
ProcessId=91340 : Parent_ProcessID=1429 : Average_Running_Time=1.5406176
ProcessId=92069 : Parent_ProcessID=1429 : Average_Running_Time=1.3252482
Average_Sleeping_Children_of_Parent=1429 is 3.1710645
ProcessId=32684 : Parent_ProcessID=1557 : Average_Running_Time=.0081520
Average_Sleeping_Children_of_Parent=1557 is .0081520
ProcessId=32772 : Parent_ProcessID=32771 : Average_Running_Time=.0606259
Average_Sleeping_Children_of_Parent=32771 is .0606259
ProcessId=33562 : Parent_ProcessID=33561 : Average_Running_Time=2.3505125
Average_Sleeping_Children_of_Parent=33561 is 2.3505125
ProcessId=33785 : Parent_ProcessID=33784 : Average_Running_Time=1.1794516
ProcessId=33786 : Parent_ProcessID=33784 : Average_Running_Time=.9987360
Average_Sleeping_Children_of_Parent=33784 is 1.0890938
ProcessId=33790 : Parent_ProcessID=33789 : Average_Running_Time=.6326965
Average_Sleeping_Children_of_Parent=33789 is .6326965
ProcessId=33795 : Parent_ProcessID=33794 : Average_Running_Time=.7879433
Average_Sleeping_Children_of_Parent=33794 is .7879433
ProcessId=33800 : Parent_ProcessID=33799 : Average_Running_Time=.8884580
Average_Sleeping_Children_of_Parent=33799 is .8884580
ProcessId=33805 : Parent_ProcessID=33804 : Average_Running_Time=.7609363
ProcessId=33806 : Parent_ProcessID=33804 : Average_Running_Time=.9647835
Average_Sleeping_Children_of_Parent=33804 is .8628599
ProcessId=88981 : Parent_ProcessID=88977 : Average_Running_Time=.1245860
ProcessId=88982 : Parent_ProcessID=88977 : Average_Running_Time=.6821140
Average_Sleeping_Children_of_Parent=88977 is .4033500
ProcessId=89026 : Parent_ProcessID=89025 : Average_Running_Time=.9366864
Average_Sleeping_Children_of_Parent=89025 is .9366864
ProcessId=90384 : Parent_ProcessID=90375 : Average_Running_Time=.0536986
ProcessId=90385 : Parent_ProcessID=90375 : Average_Running_Time=3.6426393
Average_Sleeping_Children_of_Parent=90375 is 1.8481689
ProcessId=90436 : Parent_ProcessID=90424 : Average_Running_Time=1.9831618
Average_Sleeping_Children_of_Parent=90424 is 1.9831618
ProcessId=90584 : Parent_ProcessID=90583 : Average_Running_Time=2.9551340
Average_Sleeping_Children_of_Parent=90583 is 2.9551340
